2018-09-12 05:35:42.888 +02:00 [Debug] Status: 0 Connections "12,5MB" Memory Used
2018-09-12 05:54:04.276 +02:00 [Debug] Status: 0 Connections "12,9MB" Memory Used
2018-09-12 05:55:43.478 +02:00 [Debug] Status: 0 Connections "13MB" Memory Used
2018-09-12 06:14:04.255 +02:00 [Debug] Status: 0 Connections "13MB" Memory Used
2018-09-12 06:15:43.456 +02:00 [Debug] Status: 0 Connections "13,1MB" Memory Used
2018-09-12 06:34:04.193 +02:00 [Debug] Status: 0 Connections "13,1MB" Memory Used
2018-09-12 06:35:43.389 +02:00 [Debug] Status: 0 Connections "13,2MB" Memory Used
2018-09-12 06:54:04.148 +02:00 [Debug] Status: 0 Connections "13,2MB" Memory Used
2018-09-12 06:55:43.361 +02:00 [Debug] Status: 0 Connections "13,3MB" Memory Used
2018-09-12 07:14:04.102 +02:00 [Debug] Status: 0 Connections "13,3MB" Memory Used
2018-09-12 07:15:43.325 +02:00 [Debug] Status: 0 Connections "13,4MB" Memory Used
2018-09-12 07:34:04.066 +02:00 [Debug] Status: 0 Connections "13,4MB" Memory Used
2018-09-12 07:35:43.276 +02:00 [Debug] Status: 0 Connections "13,5MB" Memory Used
2018-09-12 07:54:04.013 +02:00 [Debug] Status: 0 Connections "13,5MB" Memory Used
2018-09-12 07:55:43.223 +02:00 [Debug] Status: 0 Connections "13,5MB" Memory Used
2018-09-12 08:14:03.966 +02:00 [Debug] Status: 0 Connections "13,6MB" Memory Used
2018-09-12 08:15:43.164 +02:00 [Debug] Status: 0 Connections "13,8MB" Memory Used
2018-09-12 08:34:03.933 +02:00 [Debug] Status: 0 Connections "13,7MB" Memory Used
2018-09-12 08:35:43.135 +02:00 [Debug] Status: 0 Connections "13,7MB" Memory Used
2018-09-12 08:54:03.895 +02:00 [Debug] Status: 0 Connections "13,7MB" Memory Used
2018-09-12 08:55:43.093 +02:00 [Debug] Status: 0 Connections "13,7MB" Memory Used
2018-09-12 09:14:03.832 +02:00 [Debug] Status: 0 Connections "13,7MB" Memory Used
2018-09-12 09:15:43.045 +02:00 [Debug] Status: 0 Connections "13,7MB" Memory Used
2018-09-12 09:34:03.786 +02:00 [Debug] Status: 0 Connections "13,7MB" Memory Used
2018-09-12 09:35:42.996 +02:00 [Debug] Status: 0 Connections "13,7MB" Memory Used
2018-09-12 09:54:03.718 +02:00 [Debug] Status: 0 Connections "13,7MB" Memory Used
2018-09-12 09:55:42.931 +02:00 [Debug] Status: 0 Connections "13,7MB" Memory Used
2018-09-12 10:14:03.671 +02:00 [Debug] Status: 0 Connections "13,8MB" Memory Used
2018-09-12 10:15:42.882 +02:00 [Debug] Status: 0 Connections "13,8MB" Memory Used
2018-09-12 10:34:03.618 +02:00 [Debug] Status: 0 Connections "13,8MB" Memory Used
2018-09-12 10:35:42.831 +02:00 [Debug] Status: 0 Connections "13,8MB" Memory Used
2018-09-12 10:54:03.577 +02:00 [Debug] Status: 0 Connections "13,8MB" Memory Used
2018-09-12 10:55:42.790 +02:00 [Debug] Status: 0 Connections "13,8MB" Memory Used
2018-09-12 11:14:03.544 +02:00 [Debug] Status: 0 Connections "13,8MB" Memory Used
2018-09-12 11:15:42.746 +02:00 [Debug] Status: 0 Connections "13,8MB" Memory Used
2018-09-12 11:34:03.499 +02:00 [Debug] Status: 0 Connections "13,8MB" Memory Used
2018-09-12 11:35:42.701 +02:00 [Debug] Status: 0 Connections "13,8MB" Memory Used
2018-09-12 11:54:03.462 +02:00 [Debug] Status: 0 Connections "13,8MB" Memory Used
2018-09-12 11:55:42.682 +02:00 [Debug] Status: 0 Connections "13,8MB" Memory Used
2018-09-12 12:14:03.432 +02:00 [Debug] Status: 0 Connections "13,8MB" Memory Used
2018-09-12 12:15:42.647 +02:00 [Debug] Status: 0 Connections "13,8MB" Memory Used
2018-09-12 12:34:03.386 +02:00 [Debug] Status: 0 Connections "13,8MB" Memory Used
2018-09-12 12:35:42.613 +02:00 [Debug] Status: 0 Connections "13,8MB" Memory Used
2018-09-12 12:54:03.341 +02:00 [Debug] Status: 0 Connections "13,8MB" Memory Used
2018-09-12 12:55:42.568 +02:00 [Debug] Status: 0 Connections "13,8MB" Memory Used
2018-09-12 13:14:03.292 +02:00 [Debug] Status: 0 Connections "13,8MB" Memory Used
2018-09-12 13:15:42.507 +02:00 [Debug] Status: 0 Connections "13,8MB" Memory Used
2018-09-12 13:34:03.248 +02:00 [Debug] Status: 0 Connections "13,8MB" Memory Used
2018-09-12 13:35:42.462 +02:00 [Debug] Status: 0 Connections "13,8MB" Memory Used
2018-09-12 13:54:03.202 +02:00 [Debug] Status: 0 Connections "13,8MB" Memory Used
2018-09-12 13:55:42.432 +02:00 [Debug] Status: 0 Connections "13,8MB" Memory Used
2018-09-12 14:14:03.152 +02:00 [Debug] Status: 0 Connections "13,8MB" Memory Used
2018-09-12 14:15:42.395 +02:00 [Debug] Status: 0 Connections "13,8MB" Memory Used
2018-09-12 14:34:03.107 +02:00 [Debug] Status: 0 Connections "13,8MB" Memory Used
2018-09-12 14:35:42.349 +02:00 [Debug] Status: 0 Connections "13,8MB" Memory Used
2018-09-12 14:54:03.061 +02:00 [Debug] Status: 0 Connections "13,8MB" Memory Used
2018-09-12 14:55:42.318 +02:00 [Debug] Status: 0 Connections "13,8MB" Memory Used
2018-09-12 15:14:03.016 +02:00 [Debug] Status: 0 Connections "13,8MB" Memory Used
2018-09-12 15:15:42.273 +02:00 [Debug] Status: 0 Connections "13,8MB" Memory Used
2018-09-12 15:34:02.971 +02:00 [Debug] Status: 0 Connections "13,1MB" Memory Used
2018-09-12 15:35:42.227 +02:00 [Debug] Status: 0 Connections "13,1MB" Memory Used
2018-09-12 15:54:02.938 +02:00 [Debug] Status: 0 Connections "13,1MB" Memory Used
2018-09-12 15:55:42.183 +02:00 [Debug] Status: 0 Connections "13,2MB" Memory Used
2018-09-12 16:14:02.893 +02:00 [Debug] Status: 0 Connections "13,2MB" Memory Used
2018-09-12 16:15:42.138 +02:00 [Debug] Status: 0 Connections "13,2MB" Memory Used
2018-09-12 16:34:02.839 +02:00 [Debug] Status: 0 Connections "13,2MB" Memory Used
2018-09-12 16:35:42.073 +02:00 [Debug] Status: 0 Connections "13,2MB" Memory Used
2018-09-12 16:54:02.791 +02:00 [Debug] Status: 0 Connections "13,2MB" Memory Used
2018-09-12 16:55:42.027 +02:00 [Debug] Status: 0 Connections "13,2MB" Memory Used
2018-09-12 17:14:02.747 +02:00 [Debug] Status: 0 Connections "13,2MB" Memory Used
2018-09-12 17:15:41.981 +02:00 [Debug] Status: 0 Connections "13,2MB" Memory Used
2018-09-12 17:34:02.697 +02:00 [Debug] Status: 0 Connections "13,3MB" Memory Used
2018-09-12 17:35:41.925 +02:00 [Debug] Status: 0 Connections "13,3MB" Memory Used
2018-09-12 17:54:02.625 +02:00 [Debug] Status: 0 Connections "13,4MB" Memory Used
2018-09-12 17:55:41.871 +02:00 [Debug] Status: 0 Connections "13,4MB" Memory Used
2018-09-12 18:14:02.577 +02:00 [Debug] Status: 0 Connections "13,4MB" Memory Used
2018-09-12 18:15:41.823 +02:00 [Debug] Status: 0 Connections "13,5MB" Memory Used
2018-09-12 18:34:02.531 +02:00 [Debug] Status: 0 Connections "13,5MB" Memory Used
2018-09-12 18:35:41.779 +02:00 [Debug] Status: 0 Connections "13,6MB" Memory Used
2018-09-12 18:54:02.485 +02:00 [Debug] Status: 0 Connections "13,7MB" Memory Used
2018-09-12 18:55:41.747 +02:00 [Debug] Status: 0 Connections "13,7MB" Memory Used
2018-09-12 19:01:17.045 +02:00 [Information] [Topshelf] Service is being shutdown
2018-09-12 19:01:17.114 +02:00 [Information] [Topshelf] Stopped
2018-09-12 19:01:17.148 +02:00 [Information] Stopping Server Papercut
2018-09-12 19:01:17.184 +02:00 [Information] Stopping Server Smtp
