2018-10-15 15:48:36.511 +02:00 [Information] [Topshelf] Service is being shutdown
2018-10-15 15:48:36.664 +02:00 [Information] [Topshelf] Stopped
2018-10-15 15:48:36.688 +02:00 [Information] Stopping Server Papercut
2018-10-15 15:48:36.715 +02:00 [Information] Stopping Server Smtp
2018-10-15 15:49:19.396 +02:00 [Information] Configuration Result:
"[Success] Name PapercutServerService
[Success] DisplayName Papercut SMTP Service
[Success] Description Papercut SMTP Backend Service
[Success] ServiceName PapercutServerService"
2018-10-15 15:49:19.469 +02:00 [Information] "Topshelf" v"3.3.154.0", .NET Framework v"4.0.30319.42000"
2018-10-15 15:49:19.537 +02:00 [Debug] Started by the Windows services process
2018-10-15 15:49:19.537 +02:00 [Debug] Running as a service, creating service host.
2018-10-15 15:49:19.539 +02:00 [Information] Starting as a Windows service
2018-10-15 15:49:19.541 +02:00 [Debug] [Topshelf] Starting up as a windows service application
2018-10-15 15:49:19.542 +02:00 [Information] [Topshelf] Starting
2018-10-15 15:49:19.543 +02:00 [Debug] [Topshelf] Current Directory: "C:\Program Files (x86)\Changemaker Studios\Papercut"
2018-10-15 15:49:19.543 +02:00 [Debug] [Topshelf] Arguments: ""
2018-10-15 15:49:19.582 +02:00 [Information] Publishing PapercutServicePreStartEvent { AppMeta: ApplicationMeta { AppName: "Papercut.Service", AppVersion: "5.1.23" } } to the Papercut Client
2018-10-15 15:49:20.672 +02:00 [Information] [Topshelf] Started
2018-10-15 15:49:21.680 +02:00 [Information] Starting Server Smtp
2018-10-15 15:49:21.680 +02:00 [Information] Starting Server Papercut
2018-10-15 15:49:21.688 +02:00 [Information] Server Ready - Listening for New Connections "127.0.0.1":37403
2018-10-15 15:49:21.688 +02:00 [Information] Server Ready - Listening for New Connections "0.0.0.0":25
2018-10-15 15:49:21.699 +02:00 [Information] Running Plug-In "WebUI" "1.0.0" "Provides a web UI to manage the email messages for Papercut."
2018-10-15 15:49:21.699 +02:00 [Information] Running Plug-In "Verbose (JSON) Serilog Logging" "5.1.23.0" "Verbose (JSON) Serilog Logging Support for Papercut"
2018-10-15 15:49:21.699 +02:00 [Information] Running Plug-In "Papercut Seq Logging" "1.0.0.0" "Papercut Serilog to Seq (http://getseq.net) local instance"
2018-10-15 15:49:21.866 +02:00 [Information] WebUI server started at port 37408.
2018-10-15 15:49:21.866 +02:00 [Information] Publishing PapercutServiceReadyEvent { AppMeta: ApplicationMeta { AppName: "Papercut.Service", AppVersion: "5.1.23" } } to the Papercut Client
